Analysis & Synthesis report for fourBitParallelAdder
Wed May 22 23:15:37 2024
Quartus II 64-Bit Version 13.1.0 Build 162 10/23/2013 SJ Web Edition


---------------------
; Table of Contents ;
---------------------
  1. Legal Notice
  2. Analysis & Synthesis Summary
  3. Analysis & Synthesis Settings
  4. Parallel Compilation
  5. Analysis & Synthesis Source Files Read
  6. Analysis & Synthesis Resource Usage Summary
  7. Analysis & Synthesis Resource Utilization by Entity
  8. General Register Statistics
  9. Port Connectivity Checks: "seg_2digit:DS|mux2to1:M9"
 10. Port Connectivity Checks: "seg_2digit:DS|mux2to1:M8"
 11. Port Connectivity Checks: "seg_2digit:DS|segment7:MSD"
 12. Port Connectivity Checks: "seg_2digit:DS|segment7:LSD"
 13. Port Connectivity Checks: "parallel_adder:PA|full_adder:FA1"
 14. Port Connectivity Checks: "parallel_adder:PA"
 15. Elapsed Time Per Partition
 16. Analysis & Synthesis Messages
 17. Analysis & Synthesis Suppressed Messages



----------------
; Legal Notice ;
----------------
Copyright (C) 1991-2013 Altera Corporation
Your use of Altera Corporation's design tools, logic functions 
and other software and tools, and its AMPP partner logic 
functions, and any output files from any of the foregoing 
(including device programming or simulation files), and any 
associated documentation or information are expressly subject 
to the terms and conditions of the Altera Program License 
Subscription Agreement, Altera MegaCore Function License 
Agreement, or other applicable license agreement, including, 
without limitation, that your use is for the sole purpose of 
programming logic devices manufactured by Altera and sold by 
Altera or its authorized distributors.  Please refer to the 
applicable agreement for further details.



+---------------------------------------------------------------------------------+
; Analysis & Synthesis Summary                                                    ;
+------------------------------------+--------------------------------------------+
; Analysis & Synthesis Status        ; Successful - Wed May 22 23:15:37 2024      ;
; Quartus II 64-Bit Version          ; 13.1.0 Build 162 10/23/2013 SJ Web Edition ;
; Revision Name                      ; fourBitParallelAdder                       ;
; Top-level Entity Name              ; fourBitParallelAdder                       ;
; Family                             ; Cyclone IV E                               ;
; Total logic elements               ; 56                                         ;
;     Total combinational functions  ; 56                                         ;
;     Dedicated logic registers      ; 15                                         ;
; Total registers                    ; 15                                         ;
; Total pins                         ; 21                                         ;
; Total virtual pins                 ; 0                                          ;
; Total memory bits                  ; 0                                          ;
; Embedded Multiplier 9-bit elements ; 0                                          ;
; Total PLLs                         ; 0                                          ;
+------------------------------------+--------------------------------------------+


+--------------------------------------------------------------------------------------------------------------------------+
; Analysis & Synthesis Settings                                                                                            ;
+----------------------------------------------------------------------------+----------------------+----------------------+
; Option                                                                     ; Setting              ; Default Value        ;
+----------------------------------------------------------------------------+----------------------+----------------------+
; Device                                                                     ; EP4CE6E22C8          ;                      ;
; Top-level entity name                                                      ; fourBitParallelAdder ; fourBitParallelAdder ;
; Family name                                                                ; Cyclone IV E         ; Cyclone IV GX        ;
; Use smart compilation                                                      ; Off                  ; Off                  ;
; Enable parallel Assembler and TimeQuest Timing Analyzer during compilation ; On                   ; On                   ;
; Enable compact report table                                                ; Off                  ; Off                  ;
; Restructure Multiplexers                                                   ; Auto                 ; Auto                 ;
; Create Debugging Nodes for IP Cores                                        ; Off                  ; Off                  ;
; Preserve fewer node names                                                  ; On                   ; On                   ;
; Disable OpenCore Plus hardware evaluation                                  ; Off                  ; Off                  ;
; Verilog Version                                                            ; Verilog_2001         ; Verilog_2001         ;
; VHDL Version                                                               ; VHDL_1993            ; VHDL_1993            ;
; State Machine Processing                                                   ; Auto                 ; Auto                 ;
; Safe State Machine                                                         ; Off                  ; Off                  ;
; Extract Verilog State Machines                                             ; On                   ; On                   ;
; Extract VHDL State Machines                                                ; On                   ; On                   ;
; Ignore Verilog initial constructs                                          ; Off                  ; Off                  ;
; Iteration limit for constant Verilog loops                                 ; 5000                 ; 5000                 ;
; Iteration limit for non-constant Verilog loops                             ; 250                  ; 250                  ;
; Add Pass-Through Logic to Inferred RAMs                                    ; On                   ; On                   ;
; Infer RAMs from Raw Logic                                                  ; On                   ; On                   ;
; Parallel Synthesis                                                         ; On                   ; On                   ;
; DSP Block Balancing                                                        ; Auto                 ; Auto                 ;
; NOT Gate Push-Back                                                         ; On                   ; On                   ;
; Power-Up Don't Care                                                        ; On                   ; On                   ;
; Remove Redundant Logic Cells                                               ; Off                  ; Off                  ;
; Remove Duplicate Registers                                                 ; On                   ; On                   ;
; Ignore CARRY Buffers                                                       ; Off                  ; Off                  ;
; Ignore CASCADE Buffers                                                     ; Off                  ; Off                  ;
; Ignore GLOBAL Buffers                                                      ; Off                  ; Off                  ;
; Ignore ROW GLOBAL Buffers                                                  ; Off                  ; Off                  ;
; Ignore LCELL Buffers                                                       ; Off                  ; Off                  ;
; Ignore SOFT Buffers                                                        ; On                   ; On                   ;
; Limit AHDL Integers to 32 Bits                                             ; Off                  ; Off                  ;
; Optimization Technique                                                     ; Balanced             ; Balanced             ;
; Carry Chain Length                                                         ; 70                   ; 70                   ;
; Auto Carry Chains                                                          ; On                   ; On                   ;
; Auto Open-Drain Pins                                                       ; On                   ; On                   ;
; Perform WYSIWYG Primitive Resynthesis                                      ; Off                  ; Off                  ;
; Auto ROM Replacement                                                       ; On                   ; On                   ;
; Auto RAM Replacement                                                       ; On                   ; On                   ;
; Auto DSP Block Replacement                                                 ; On                   ; On                   ;
; Auto Shift Register Replacement                                            ; Auto                 ; Auto                 ;
; Allow Shift Register Merging across Hierarchies                            ; Auto                 ; Auto                 ;
; Auto Clock Enable Replacement                                              ; On                   ; On                   ;
; Strict RAM Replacement                                                     ; Off                  ; Off                  ;
; Allow Synchronous Control Signals                                          ; On                   ; On                   ;
; Force Use of Synchronous Clear Signals                                     ; Off                  ; Off                  ;
; Auto RAM Block Balancing                                                   ; On                   ; On                   ;
; Auto RAM to Logic Cell Conversion                                          ; Off                  ; Off                  ;
; Auto Resource Sharing                                                      ; Off                  ; Off                  ;
; Allow Any RAM Size For Recognition                                         ; Off                  ; Off                  ;
; Allow Any ROM Size For Recognition                                         ; Off                  ; Off                  ;
; Allow Any Shift Register Size For Recognition                              ; Off                  ; Off                  ;
; Use LogicLock Constraints during Resource Balancing                        ; On                   ; On                   ;
; Ignore translate_off and synthesis_off directives                          ; Off                  ; Off                  ;
; Timing-Driven Synthesis                                                    ; On                   ; On                   ;
; Report Parameter Settings                                                  ; On                   ; On                   ;
; Report Source Assignments                                                  ; On                   ; On                   ;
; Report Connectivity Checks                                                 ; On                   ; On                   ;
; Ignore Maximum Fan-Out Assignments                                         ; Off                  ; Off                  ;
; Synchronization Register Chain Length                                      ; 2                    ; 2                    ;
; PowerPlay Power Optimization                                               ; Normal compilation   ; Normal compilation   ;
; HDL message level                                                          ; Level2               ; Level2               ;
; Suppress Register Optimization Related Messages                            ; Off                  ; Off                  ;
; Number of Removed Registers Reported in Synthesis Report                   ; 5000                 ; 5000                 ;
; Number of Swept Nodes Reported in Synthesis Report                         ; 5000                 ; 5000                 ;
; Number of Inverted Registers Reported in Synthesis Report                  ; 100                  ; 100                  ;
; Clock MUX Protection                                                       ; On                   ; On                   ;
; Auto Gated Clock Conversion                                                ; Off                  ; Off                  ;
; Block Design Naming                                                        ; Auto                 ; Auto                 ;
; SDC constraint protection                                                  ; Off                  ; Off                  ;
; Synthesis Effort                                                           ; Auto                 ; Auto                 ;
; Shift Register Replacement - Allow Asynchronous Clear Signal               ; On                   ; On                   ;
; Pre-Mapping Resynthesis Optimization                                       ; Off                  ; Off                  ;
; Analysis & Synthesis Message Level                                         ; Medium               ; Medium               ;
; Disable Register Merging Across Hierarchies                                ; Auto                 ; Auto                 ;
; Resource Aware Inference For Block RAM                                     ; On                   ; On                   ;
; Synthesis Seed                                                             ; 1                    ; 1                    ;
+----------------------------------------------------------------------------+----------------------+----------------------+


+------------------------------------------+
; Parallel Compilation                     ;
+----------------------------+-------------+
; Processors                 ; Number      ;
+----------------------------+-------------+
; Number detected on machine ; 16          ;
; Maximum allowed            ; 16          ;
;                            ;             ;
; Average used               ; 1.00        ;
; Maximum used               ; 1           ;
;                            ;             ;
; Usage by Processor         ; % Time Used ;
;     Processor 1            ; 100.0%      ;
;     Processors 2-16        ;   0.0%      ;
+----------------------------+-------------+


+-----------------------------------------------------------------------------------------------------------------------------------------------------------------------------+
; Analysis & Synthesis Source Files Read                                                                                                                                      ;
+----------------------------------+-----------------+------------------------------+-------------------------------------------------------------------------------+---------+
; File Name with User-Entered Path ; Used in Netlist ; File Type                    ; File Name with Absolute Path                                                  ; Library ;
+----------------------------------+-----------------+------------------------------+-------------------------------------------------------------------------------+---------+
; seg_2digit.v                     ; yes             ; User Verilog HDL File        ; C:/Users/FreshSider/Desktop/Young/FourBitParallelAdder/seg_2digit.v           ;         ;
; parallel_adder.v                 ; yes             ; User Verilog HDL File        ; C:/Users/FreshSider/Desktop/Young/FourBitParallelAdder/parallel_adder.v       ;         ;
; converter.v                      ; yes             ; User Verilog HDL File        ; C:/Users/FreshSider/Desktop/Young/FourBitParallelAdder/converter.v            ;         ;
; fourBitParallelAdder.v           ; yes             ; User Verilog HDL File        ; C:/Users/FreshSider/Desktop/Young/FourBitParallelAdder/fourBitParallelAdder.v ;         ;
; full_adder.v                     ; yes             ; Auto-Found Verilog HDL File  ; C:/Users/FreshSider/Desktop/Young/FourBitParallelAdder/full_adder.v           ;         ;
; half_adder.v                     ; yes             ; Auto-Found Verilog HDL File  ; C:/Users/FreshSider/Desktop/Young/FourBitParallelAdder/half_adder.v           ;         ;
; cnt.v                            ; yes             ; Auto-Found Verilog HDL File  ; C:/Users/FreshSider/Desktop/Young/FourBitParallelAdder/cnt.v                  ;         ;
; cnt8.v                           ; yes             ; Auto-Found Verilog HDL File  ; C:/Users/FreshSider/Desktop/Young/FourBitParallelAdder/cnt8.v                 ;         ;
; segment7.v                       ; yes             ; Auto-Found Verilog HDL File  ; C:/Users/FreshSider/Desktop/Young/FourBitParallelAdder/segment7.v             ;         ;
; mux2to1.v                        ; yes             ; Auto-Found Verilog HDL File  ; C:/Users/FreshSider/Desktop/Young/FourBitParallelAdder/mux2to1.v              ;         ;
+----------------------------------+-----------------+------------------------------+-------------------------------------------------------------------------------+---------+


+-------------------------------------------------------------------------------------+
; Analysis & Synthesis Resource Usage Summary                                         ;
+---------------------------------------------+---------------------------------------+
; Resource                                    ; Usage                                 ;
+---------------------------------------------+---------------------------------------+
; Estimated Total logic elements              ; 56                                    ;
;                                             ;                                       ;
; Total combinational functions               ; 56                                    ;
; Logic element usage by number of LUT inputs ;                                       ;
;     -- 4 input functions                    ; 24                                    ;
;     -- 3 input functions                    ; 14                                    ;
;     -- <=2 input functions                  ; 18                                    ;
;                                             ;                                       ;
; Logic elements by mode                      ;                                       ;
;     -- normal mode                          ; 56                                    ;
;     -- arithmetic mode                      ; 0                                     ;
;                                             ;                                       ;
; Total registers                             ; 15                                    ;
;     -- Dedicated logic registers            ; 15                                    ;
;     -- I/O registers                        ; 0                                     ;
;                                             ;                                       ;
; I/O pins                                    ; 21                                    ;
; Embedded Multiplier 9-bit elements          ; 0                                     ;
; Maximum fan-out node                        ; seg_2digit:DS|cnt:C1|cnt8:U4|count[2] ;
; Maximum fan-out                             ; 18                                    ;
; Total fan-out                               ; 225                                   ;
; Average fan-out                             ; 1.99                                  ;
+---------------------------------------------+---------------------------------------+


+-------------------------------------------------------------------------------------------------------------------------------------------------------------------------------------------------------------------------------+
; Analysis & Synthesis Resource Utilization by Entity                                                                                                                                                                           ;
+----------------------------+-------------------+--------------+-------------+--------------+---------+-----------+------+--------------+-----------------------------------------------------------------------+--------------+
; Compilation Hierarchy Node ; LC Combinationals ; LC Registers ; Memory Bits ; DSP Elements ; DSP 9x9 ; DSP 18x18 ; Pins ; Virtual Pins ; Full Hierarchy Name                                                   ; Library Name ;
+----------------------------+-------------------+--------------+-------------+--------------+---------+-----------+------+--------------+-----------------------------------------------------------------------+--------------+
; |fourBitParallelAdder      ; 56 (0)            ; 15 (0)       ; 0           ; 0            ; 0       ; 0         ; 21   ; 0            ; |fourBitParallelAdder                                                 ; work         ;
;    |converter:CV|          ; 5 (5)             ; 0 (0)        ; 0           ; 0            ; 0       ; 0         ; 0    ; 0            ; |fourBitParallelAdder|converter:CV                                    ; work         ;
;    |parallel_adder:PA|     ; 7 (0)             ; 0 (0)        ; 0           ; 0            ; 0       ; 0         ; 0    ; 0            ; |fourBitParallelAdder|parallel_adder:PA                               ; work         ;
;       |full_adder:FA1|     ; 1 (0)             ; 0 (0)        ; 0           ; 0            ; 0       ; 0         ; 0    ; 0            ; |fourBitParallelAdder|parallel_adder:PA|full_adder:FA1                ; work         ;
;          |half_adder:ha1|  ; 1 (1)             ; 0 (0)        ; 0           ; 0            ; 0       ; 0         ; 0    ; 0            ; |fourBitParallelAdder|parallel_adder:PA|full_adder:FA1|half_adder:ha1 ; work         ;
;       |full_adder:FA2|     ; 2 (1)             ; 0 (0)        ; 0           ; 0            ; 0       ; 0         ; 0    ; 0            ; |fourBitParallelAdder|parallel_adder:PA|full_adder:FA2                ; work         ;
;          |half_adder:ha2|  ; 1 (1)             ; 0 (0)        ; 0           ; 0            ; 0       ; 0         ; 0    ; 0            ; |fourBitParallelAdder|parallel_adder:PA|full_adder:FA2|half_adder:ha2 ; work         ;
;       |full_adder:FA3|     ; 2 (1)             ; 0 (0)        ; 0           ; 0            ; 0       ; 0         ; 0    ; 0            ; |fourBitParallelAdder|parallel_adder:PA|full_adder:FA3                ; work         ;
;          |half_adder:ha2|  ; 1 (1)             ; 0 (0)        ; 0           ; 0            ; 0       ; 0         ; 0    ; 0            ; |fourBitParallelAdder|parallel_adder:PA|full_adder:FA3|half_adder:ha2 ; work         ;
;       |full_adder:FA4|     ; 2 (1)             ; 0 (0)        ; 0           ; 0            ; 0       ; 0         ; 0    ; 0            ; |fourBitParallelAdder|parallel_adder:PA|full_adder:FA4                ; work         ;
;          |half_adder:ha2|  ; 1 (1)             ; 0 (0)        ; 0           ; 0            ; 0       ; 0         ; 0    ; 0            ; |fourBitParallelAdder|parallel_adder:PA|full_adder:FA4|half_adder:ha2 ; work         ;
;    |seg_2digit:DS|         ; 44 (0)            ; 15 (0)       ; 0           ; 0            ; 0       ; 0         ; 0    ; 0            ; |fourBitParallelAdder|seg_2digit:DS                                   ; work         ;
;       |cnt:C1|             ; 19 (0)            ; 15 (0)       ; 0           ; 0            ; 0       ; 0         ; 0    ; 0            ; |fourBitParallelAdder|seg_2digit:DS|cnt:C1                            ; work         ;
;          |cnt8:U0|         ; 4 (4)             ; 3 (3)        ; 0           ; 0            ; 0       ; 0         ; 0    ; 0            ; |fourBitParallelAdder|seg_2digit:DS|cnt:C1|cnt8:U0                    ; work         ;
;          |cnt8:U1|         ; 4 (4)             ; 3 (3)        ; 0           ; 0            ; 0       ; 0         ; 0    ; 0            ; |fourBitParallelAdder|seg_2digit:DS|cnt:C1|cnt8:U1                    ; work         ;
;          |cnt8:U2|         ; 4 (4)             ; 3 (3)        ; 0           ; 0            ; 0       ; 0         ; 0    ; 0            ; |fourBitParallelAdder|seg_2digit:DS|cnt:C1|cnt8:U2                    ; work         ;
;          |cnt8:U3|         ; 4 (4)             ; 3 (3)        ; 0           ; 0            ; 0       ; 0         ; 0    ; 0            ; |fourBitParallelAdder|seg_2digit:DS|cnt:C1|cnt8:U3                    ; work         ;
;          |cnt8:U4|         ; 3 (3)             ; 3 (3)        ; 0           ; 0            ; 0       ; 0         ; 0    ; 0            ; |fourBitParallelAdder|seg_2digit:DS|cnt:C1|cnt8:U4                    ; work         ;
;       |mux2to1:M1|         ; 6 (6)             ; 0 (0)        ; 0           ; 0            ; 0       ; 0         ; 0    ; 0            ; |fourBitParallelAdder|seg_2digit:DS|mux2to1:M1                        ; work         ;
;       |mux2to1:M2|         ; 2 (2)             ; 0 (0)        ; 0           ; 0            ; 0       ; 0         ; 0    ; 0            ; |fourBitParallelAdder|seg_2digit:DS|mux2to1:M2                        ; work         ;
;       |mux2to1:M3|         ; 4 (4)             ; 0 (0)        ; 0           ; 0            ; 0       ; 0         ; 0    ; 0            ; |fourBitParallelAdder|seg_2digit:DS|mux2to1:M3                        ; work         ;
;       |mux2to1:M4|         ; 5 (5)             ; 0 (0)        ; 0           ; 0            ; 0       ; 0         ; 0    ; 0            ; |fourBitParallelAdder|seg_2digit:DS|mux2to1:M4                        ; work         ;
;       |mux2to1:M5|         ; 2 (2)             ; 0 (0)        ; 0           ; 0            ; 0       ; 0         ; 0    ; 0            ; |fourBitParallelAdder|seg_2digit:DS|mux2to1:M5                        ; work         ;
;       |mux2to1:M6|         ; 3 (3)             ; 0 (0)        ; 0           ; 0            ; 0       ; 0         ; 0    ; 0            ; |fourBitParallelAdder|seg_2digit:DS|mux2to1:M6                        ; work         ;
;       |mux2to1:M7|         ; 3 (3)             ; 0 (0)        ; 0           ; 0            ; 0       ; 0         ; 0    ; 0            ; |fourBitParallelAdder|seg_2digit:DS|mux2to1:M7                        ; work         ;
+----------------------------+-------------------+--------------+-------------+--------------+---------+-----------+------+--------------+-----------------------------------------------------------------------+--------------+
Note: For table entries with two numbers listed, the numbers in parentheses indicate the number of resources of the given type used by the specific entity alone. The numbers listed outside of parentheses indicate the total resources of the given type used by the specific entity and all of its sub-entities in the hierarchy.


+------------------------------------------------------+
; General Register Statistics                          ;
+----------------------------------------------+-------+
; Statistic                                    ; Value ;
+----------------------------------------------+-------+
; Total registers                              ; 15    ;
; Number of registers using Synchronous Clear  ; 0     ;
; Number of registers using Synchronous Load   ; 0     ;
; Number of registers using Asynchronous Clear ; 0     ;
; Number of registers using Asynchronous Load  ; 0     ;
; Number of registers using Clock Enable       ; 0     ;
; Number of registers using Preset             ; 0     ;
+----------------------------------------------+-------+


+------------------------------------------------------+
; Port Connectivity Checks: "seg_2digit:DS|mux2to1:M9" ;
+------+-------+----------+----------------------------+
; Port ; Type  ; Severity ; Details                    ;
+------+-------+----------+----------------------------+
; i0   ; Input ; Info     ; Stuck at GND               ;
; i1   ; Input ; Info     ; Stuck at VCC               ;
+------+-------+----------+----------------------------+


+------------------------------------------------------+
; Port Connectivity Checks: "seg_2digit:DS|mux2to1:M8" ;
+------+-------+----------+----------------------------+
; Port ; Type  ; Severity ; Details                    ;
+------+-------+----------+----------------------------+
; i0   ; Input ; Info     ; Stuck at VCC               ;
; i1   ; Input ; Info     ; Stuck at GND               ;
+------+-------+----------+----------------------------+


+-------------------------------------------------------------------------------------------------------------------------------------+
; Port Connectivity Checks: "seg_2digit:DS|segment7:MSD"                                                                              ;
+------+--------+----------+----------------------------------------------------------------------------------------------------------+
; Port ; Type   ; Severity ; Details                                                                                                  ;
+------+--------+----------+----------------------------------------------------------------------------------------------------------+
; com  ; Output ; Warning  ; Declared by entity but not connected by instance. Logic that only feeds a dangling port will be removed. ;
+------+--------+----------+----------------------------------------------------------------------------------------------------------+


+-------------------------------------------------------------------------------------------------------------------------------------+
; Port Connectivity Checks: "seg_2digit:DS|segment7:LSD"                                                                              ;
+------+--------+----------+----------------------------------------------------------------------------------------------------------+
; Port ; Type   ; Severity ; Details                                                                                                  ;
+------+--------+----------+----------------------------------------------------------------------------------------------------------+
; com  ; Output ; Warning  ; Declared by entity but not connected by instance. Logic that only feeds a dangling port will be removed. ;
+------+--------+----------+----------------------------------------------------------------------------------------------------------+


+--------------------------------------------------------------+
; Port Connectivity Checks: "parallel_adder:PA|full_adder:FA1" ;
+------+-------+----------+------------------------------------+
; Port ; Type  ; Severity ; Details                            ;
+------+-------+----------+------------------------------------+
; cin  ; Input ; Info     ; Stuck at GND                       ;
+------+-------+----------+------------------------------------+


+--------------------------------------------------------------------------------------------------------------------+
; Port Connectivity Checks: "parallel_adder:PA"                                                                      ;
+----------+--------+----------+-------------------------------------------------------------------------------------+
; Port     ; Type   ; Severity ; Details                                                                             ;
+----------+--------+----------+-------------------------------------------------------------------------------------+
; overflow ; Output ; Info     ; Connected to dangling logic. Logic that only feeds a dangling port will be removed. ;
+----------+--------+----------+-------------------------------------------------------------------------------------+


+-------------------------------+
; Elapsed Time Per Partition    ;
+----------------+--------------+
; Partition Name ; Elapsed Time ;
+----------------+--------------+
; Top            ; 00:00:00     ;
+----------------+--------------+


+-------------------------------+
; Analysis & Synthesis Messages ;
+-------------------------------+
Info: *******************************************************************
Info: Running Quartus II 64-Bit Analysis & Synthesis
    Info: Version 13.1.0 Build 162 10/23/2013 SJ Web Edition
    Info: Processing started: Wed May 22 23:15:35 2024
Info: Command: quartus_map --read_settings_files=on --write_settings_files=off fourBitParallelAdder -c fourBitParallelAdder
Info (20030): Parallel compilation is enabled and will use 16 of the 16 processors detected
Info (12021): Found 1 design units, including 1 entities, in source file seg_2digit.v
    Info (12023): Found entity 1: seg_2digit
Info (12021): Found 1 design units, including 1 entities, in source file parallel_adder.v
    Info (12023): Found entity 1: parallel_adder
Info (12021): Found 1 design units, including 1 entities, in source file converter.v
    Info (12023): Found entity 1: converter
Info (12021): Found 1 design units, including 1 entities, in source file fourbitparalleladder.v
    Info (12023): Found entity 1: fourBitParallelAdder
Info (12127): Elaborating entity "fourBitParallelAdder" for the top level hierarchy
Info (12128): Elaborating entity "parallel_adder" for hierarchy "parallel_adder:PA"
Warning (12125): Using design file full_adder.v, which is not specified as a design file for the current project, but contains definitions for 1 design units and 1 entities in project
    Info (12023): Found entity 1: full_adder
Info (12128): Elaborating entity "full_adder" for hierarchy "parallel_adder:PA|full_adder:FA1"
Warning (12125): Using design file half_adder.v, which is not specified as a design file for the current project, but contains definitions for 1 design units and 1 entities in project
    Info (12023): Found entity 1: half_adder
Info (12128): Elaborating entity "half_adder" for hierarchy "parallel_adder:PA|full_adder:FA1|half_adder:ha1"
Info (12128): Elaborating entity "converter" for hierarchy "converter:CV"
Info (12128): Elaborating entity "seg_2digit" for hierarchy "seg_2digit:DS"
Warning (12125): Using design file cnt.v, which is not specified as a design file for the current project, but contains definitions for 1 design units and 1 entities in project
    Info (12023): Found entity 1: cnt
Info (12128): Elaborating entity "cnt" for hierarchy "seg_2digit:DS|cnt:C1"
Warning (12125): Using design file cnt8.v, which is not specified as a design file for the current project, but contains definitions for 1 design units and 1 entities in project
    Info (12023): Found entity 1: cnt8
Info (12128): Elaborating entity "cnt8" for hierarchy "seg_2digit:DS|cnt:C1|cnt8:U0"
Warning (12125): Using design file segment7.v, which is not specified as a design file for the current project, but contains definitions for 1 design units and 1 entities in project
    Info (12023): Found entity 1: segment7
Info (12128): Elaborating entity "segment7" for hierarchy "seg_2digit:DS|segment7:LSD"
Warning (12125): Using design file mux2to1.v, which is not specified as a design file for the current project, but contains definitions for 1 design units and 1 entities in project
    Info (12023): Found entity 1: mux2to1
Info (12128): Elaborating entity "mux2to1" for hierarchy "seg_2digit:DS|mux2to1:M1"
Warning (12241): 2 hierarchies have connectivity warnings - see the Connectivity Checks report folder
Warning (13024): Output pins are stuck at VCC or GND
    Warning (13410): Pin "com[0]" is stuck at GND
    Warning (13410): Pin "com[1]" is stuck at GND
    Warning (13410): Pin "p" is stuck at GND
Info (286030): Timing-Driven Synthesis is running
Info (17016): Found the following redundant logic cells in design
    Info (17048): Logic cell "seg_2digit:DS|cnt:C1|cnt8:U3|LessThan0"
    Info (17048): Logic cell "seg_2digit:DS|cnt:C1|cnt8:U2|LessThan0"
    Info (17048): Logic cell "seg_2digit:DS|cnt:C1|cnt8:U1|LessThan0"
    Info (17048): Logic cell "seg_2digit:DS|cnt:C1|cnt8:U0|LessThan0"
Info (144001): Generated suppressed messages file C:/Users/FreshSider/Desktop/Young/FourBitParallelAdder/output_files/fourBitParallelAdder.map.smsg
Info (16010): Generating hard_block partition "hard_block:auto_generated_inst"
    Info (16011): Adding 0 node(s), including 0 DDIO, 0 PLL, 0 transceiver and 0 LCELL
Info (21057): Implemented 77 device resources after synthesis - the final resource count might be different
    Info (21058): Implemented 9 input pins
    Info (21059): Implemented 12 output pins
    Info (21061): Implemented 56 logic cells
Info: Quartus II 64-Bit Analysis & Synthesis was successful. 0 errors, 11 warnings
    Info: Peak virtual memory: 4666 megabytes
    Info: Processing ended: Wed May 22 23:15:37 2024
    Info: Elapsed time: 00:00:02
    Info: Total CPU time (on all processors): 00:00:01


+------------------------------------------+
; Analysis & Synthesis Suppressed Messages ;
+------------------------------------------+
The suppressed messages can be found in C:/Users/FreshSider/Desktop/Young/FourBitParallelAdder/output_files/fourBitParallelAdder.map.smsg.


